barye	7
actor	7
agrin	6
musts	6
kayle	7
cuing	5
monie	5
taken	5
imine	8
black	5
capot	15
ebbed	8
aight	7
patus	36
campy	5
shrub	7
easts	11
kraal	5
fogey	13
quits	7
jarta	10
blunt	5
newer	5
rawin	5
pygmy	5
agood	5
boets	5
awato	6
awave	9
leapt	17
tweet	21
lownd	5
arson	10
kists	6
claut	5
parge	36
iliac	6
goner	6
agars	16
benes	5
flute	8
coarb	8
koppa	16
paver	88
maths	5
pikau	5
nudzh	5
posho	38
cruft	5
rhies	5
craal	5
expat	8
debur	7
kiddy	5
minge	5
boils	5
occam	6
rojis	5
grouf	7
helms	5
riots	5
puree	14
hakas	5
dikes	5
poddy	13
putti	7
ropey	5
cumin	5
qanat	7
juror	9
stout	8
spoof	10
rabic	5
elfed	6
lucre	5
axils	35
build	5
damps	5
houts	5
evite	10
altho	5
poems	24
agita	9
caxon	14
arsed	12
iodid	8
roked	5
miler	7
oobit	8
cosec	12
brawn	5
denay	5
creek	6
pipet	17
tense	15
harem	6
mutch	5
avail	11
odder	40
lowes	5
costa	6
pubco	5
creed	10
capex	8
hilly	7
blubs	5
padle	40
lithe	5
gonef	10
craze	5
quins	7
chems	5
apaid	8
splat	9
anana	28
loxes	26
fives	37
huggy	7
above	5
swami	6
borde	5
gimps	9
diyas	5
bawks	5
comer	7
ictal	8
mirid	5
avert	145
aidoi	14
leavy	8
doric	5
lions	5
blown	5
battu	5
pinon	7
heard	5
plasm	12
crumb	5
crone	5
grump	5
nolls	11
dalle	31
nubia	6
looed	7
miasm	11
lures	7
grind	5
grued	7
nexus	8
mucor	7
phizz	6
tonga	6
found	13
pingo	7
deist	5
rases	12
trawl	5
huzza	5
trice	14
regur	5
linky	5
blows	5
lauan	6
dagga	8
horks	6
hoggs	10
oggin	7
amban	5
ammon	7
bract	5
hakea	6
glint	5
erses	43
musos	5
roded	12
lions	5
mahwa	6
misos	5
swift	14
buiks	5
naffs	26
dolls	17
porgy	9
lunks	5
oflag	5
debug	5
riley	5
looks	7
ovoid	5
cabob	8
fleur	5
durry	8
cebid	5
diota	5
lests	11
naans	26
penes	10
glint	5
jeons	11
blore	5
nerol	5
floor	5
musar	7
navew	6
qanat	7
godet	7
bulge	6
envoi	10
asses	28
duped	10
glisk	5
anlas	8
lower	7
peyse	17
dolia	5
griot	7
fundy	5
braks	6
biggy	6
fetus	5
hoves	14
boink	5
bayer	8
hynde	5
gents	5
paolo	7
dorks	5
micht	6
lexis	7
convo	6
pocks	16
grogs	11
pucka	6
olein	6
dills	8
coifs	5
dempt	8
dwale	8
caeca	7
mirex	9
clack	5
stern	13
bungs	5
dunam	5
kurta	5
elfin	5
combs	5
rerig	6
emmys	8
dials	8
aloin	5
bohos	8
enarm	14
pence	6
jumps	21
mincy	5
jukes	7
paned	10
mille	6
moire	5
kalif	6
waxen	7
flout	5
basto	7
ragis	5
preys	12
storm	5
voter	36
carby	5
logos	24
balsa	18
alant	7
clans	5
grapy	12
stoke	5
ratel	5
pudic	7
disci	9
ultra	5
poilu	5
kapok	5
eldin	5
rents	5
pyros	5
hoses	9
pelau	5
quats	5
noter	11
moits	5
prays	21
niger	16
retox	8
funny	10
prawn	8
aldol	6
aloft	10
gelds	5
hayed	6
apace	14
stone	5
epees	25
roofs	7
brood	6
nixer	32
blunt	5
hoons	6
owche	5
heapy	6
lungs	5
looie	5
hedge	5
allow	5
axing	10
aleck	5
debye	8
first	37
inapt	22
flisk	5
barky	7
neves	18
jolty	7
booay	5
claim	5
cited	5
sieve	47
lunch	5
mater	5
comby	5
sooth	5
cowed	5
kaies	5
afoul	5
agree	33
antar	7
lauch	7
lipos	29
yacht	5
koras	7
hijra	5
ephor	8
crime	5
daals	6
flags	10
shock	5
manul	5
cable	5
cawks	5
lumps	8
pipas	10
kamik	5
azure	5
folia	5
julep	8
anata	7
bests	7
bulks	5
liens	14
dippy	11
murid	6
sooth	5
sword	7
fecit	5
hallo	15
picot	11
cloff	7
capos	7
abune	5
darzi	6
malwa	6
brail	5
manse	7
pance	7
duets	5
jugum	5
corso	13
lepra	13
octal	5
benga	5
jerid	9
riggs	6
punts	5
litho	7
abore	5
aidas	10
bufty	7
celli	9
happi	6
curli	5
graph	8
hules	5
phuts	7
haste	7
grovy	7
alarm	6
rated	5
mined	5
mucks	5
adios	6
heats	5
houts	5
intis	5
donee	8
laded	32
aroba	6
qursh	5
rivel	17
pleon	5
ankhs	9
chili	8
pardy	6
fancy	8
dally	10
braks	6
puffa	6
gosse	28
raged	10
moobs	5
cleik	5
fecit	5
gates	7
bitsy	5
krunk	5
blist	6
worst	11
eaten	15
goner	6
rewed	5
hairs	5
gamic	7
pavid	10
peats	16
hakus	5
burke	5
weave	5
magot	5
buoys	5
eevns	31
booms	5
wryly	6
keyed	5
flota	5
luxed	8
netts	14
every	37
tacit	9
chows	5
cuvee	6
anele	16
bread	5
fleur	5
anomy	5
pewit	8
carps	14
dorba	10
clats	5
welch	5
cross	7
bobol	9
goody	5
impis	7
field	21
dorky	5
revet	5
khets	5
baggy	6
roles	5
strut	36
remap	5
alvar	5
lucky	5
jures	15
goral	7
mowra	5
hyleg	5
apart	25
guppy	13
lathy	5
mirly	5
copra	5
nyaff	5
lades	9
antae	5
agoge	6
datal	5
glift	5
purda	5
alula	6
arrow	7
ouzel	5
mesne	8
water	8
aedes	8
marsh	5
foots	13
maxes	8
pined	17
parae	11
ponts	10
geres	7
dotty	5
bifid	5
heled	6
fosse	28
hends	5
atilt	14
ghost	5
sheik	5
gouks	5
lazzi	5
parge	36
roops	6
fyces	7
deely	7
penis	6
rewan	5
copra	5
lutea	5
bines	7
mania	6
genty	5
savor	41
lubes	5
delts	5
huger	5
bunny	6
quirk	5
keirs	7
eking	5
filar	12
kagos	5
court	7
cameo	7
nonce	8
gross	10
butle	5
gomer	5
centu	5
nisse	39
shout	6
pitas	6
cymes	5
awoke	5
adbot	5
mucus	5
altho	5
motty	5
aroba	6
kench	5
alcid	5
capiz	5
allis	5
poeps	19
nauch	5
ngaio	6
oundy	5
fixes	38
harns	5
smite	6
laldy	7
puffa	6
murly	5
grume	5
petar	6
fjeld	16
quilt	7
laksa	9
jinks	20
kibla	5
pleat	5
phene	6
pates	34
jembe	5
abcee	7
lures	7
cheat	5
akela	7
decal	5
pubic	8
dixit	5
punny	9
limed	5
dukka	6
clavi	5
bleep	6
bosks	9
heeze	5
crise	7
abaca	11
mains	8
ajies	5
dicts	5
manat	5
roped	17
cowed	5
sling	5
heady	5
woody	5
reges	5
joked	9
begum	5
albee	6
croze	5
gruff	5
bract	5
raxed	16
these	24
riled	5
micro	5
apays	10
adman	7
farls	6
knife	9
laich	5
stunk	5
sloop	12
whiff	5
snack	5
hards	5
mesal	6
krais	7
trope	6
welsh	5
nevus	7
ambry	6
ramis	5
goats	5
frush	6
chime	5
recal	5
molts	5
jumby	7
patte	6
ihram	5
glory	5
gipsy	5
craze	5
cuits	5
pashm	19
bouse	5
kbars	9
arnas	7
parge	36
gowan	5
lotsa	15
mixed	11
femme	6
jilts	21
laris	5
deter	5
green	10
freit	13
jupon	5
coats	5
leggy	10
pwned	5
appuy	5
hoars	8
blags	5
baboo	6
crios	6
gamps	12
nebek	5
retag	5
leans	7
angle	8
juror	9
grape	39
djins	10
canst	6
barge	6
refel	9
filmi	7
davit	5
deres	12
kythe	5
bumpy	5
build	5
pryer	42
nongs	14
ozone	5
bivvy	7
culet	5
knosp	10
fugal	10
shoot	16
agars	16
debus	5
goons	7
anole	6
motto	6
grace	7
scary	8
risks	5
gumma	10
rends	5
macer	5
matts	7
cushy	5
ragde	5
namma	20
grapy	12
bunya	5
plant	8
fraim	8
nazis	5
ambry	6
curvy	8
pryse	28
lamps	36
potto	6
bingo	5
trade	5
pedes	14
bezil	5
rorts	10
chard	5
redid	7
chara	8
fonts	11
fugio	5
coyau	5
fluor	7
hypos	5
spicy	8
gazar	5
fined	19
stair	9
chugs	5
jedis	14
alvar	5
foggy	13
score	5
lutea	5
glute	5
mercs	5
ramps	5
cliff	5
kulak	5
maybe	5
bobby	11
gazon	5
label	17
genas	5
nutty	6
chana	6
capas	13
blown	5
nexus	8
lanes	5
leaks	5
brent	5
lyssa	7
jowls	11
maneb	5
iodid	8
mozed	5
ritzy	5
mousy	5
ident	8
clonk	5
bates	7
pells	36
buchu	5
coins	6
armil	5
baric	5
jails	31
kotow	6
idiot	11
bajri	15
drove	8
linns	5
tulle	7
phizz	6
ogham	5
dhols	5
nuked	5
enact	5
culls	6
coley	7
knurr	8
dazer	7
pukes	6
queyn	5
favor	11
eagre	33
dulia	5
flick	11
bilby	8
karos	10
debud	6
cital	5
ranid	5
pyxie	5
decos	5
pudus	10
burka	5
drake	11
lathi	7
poilu	5
enols	5
index	37
koffs	16
cloff	7
loral	14
amyls	7
filmy	7
spend	26
aviso	16
peter	9
lough	5
dolma	7
fatty	10
meted	5
naiad	6
fault	9
outgo	6
deems	8
carap	5
motor	6
chirp	8
libri	8
lance	5
pesky	8
gulpy	11
brand	5
nomes	6
disci	9
ealed	27
glike	7
glaik	5
dawns	5
fugue	5
briny	5
hares	9
calix	11
picks	10
odour	6
psoas	5
paysd	17
sauna	13
dolls	17
clipe	5
ejido	10
crena	8
hokum	6
jails	31
pleas	6
lunet	5
manul	5
gobbi	6
carle	7
jeeps	18
dowie	5
azole	5
depth	5
prees	47
neums	6
churl	5
meany	5
mirks	5
scorn	6
butyl	5
leant	5
pearl	13
sheen	6
plank	6
divis	5
balti	5
troll	6
mayan	5
stomp	9
those	7
fifth	5
clies	5
matlo	5
nisei	63
baker	10
bigot	5
llano	5
frown	5
chary	5
morel	5
pedal	8
crans	6
macon	5
felid	8
beaty	5
bobby	11
kaies	5
negus	6
poots	12
noups	8
micra	5
exine	26
panic	5
bimas	5
roles	5
odyle	8
rifle	14
beams	7
dinic	5
gamma	17
glean	5
muils	5
hands	5
dowds	5
coled	5
bhais	5
biogs	5
genic	5
ritts	6
bandh	5
chiro	7
lores	9
poulp	9
wedge	5
eyers	10
morns	5
iotas	5
droob	7
timid	5
hejra	8
dorms	5
bason	5
odyle	8
hazed	5
menge	5
fards	11
brawn	5
gains	5
barmy	5
cahow	5
droll	9
gings	10
musky	5
aidoi	14
preop	27
arvee	62
grape	39
cymol	5
dites	8
oxeye	10
ouphs	7
bacco	10
beets	6
dempt	8
foram	6
nomen	7
nixie	11
helio	5
mirid	5
perry	20
renne	5
amole	5
allis	5
saute	5
fight	18
kamik	5
dungs	5
jurel	21
areae	10
gumbo	5
blurb	5
nares	11
chins	5
borna	6
choke	5
sumac	5
gaper	45
garda	6
maids	5
dowar	5
porin	10
halal	9
furan	5
groma	5
ogmic	5
poise	6
momma	5
slyly	6
ammon	7
lowps	11
ezine	6
piony	5
recon	5
hairy	5
patch	10
halts	5
gayal	6
limbi	7
arsed	12
south	5
agony	5
perce	8
blams	5
spear	7
kinin	5
gebur	5
grids	6
