gleds	5
merse	11
patly	9
boxer	20
babel	18
earst	10
jolty	11
quass	5
houff	5
flown	5
hills	6
moots	16
askoi	5
chaff	5
pilei	5
quale	5
necks	5
chads	5
teeth	12
goofs	13
nowty	12
domic	5
appui	6
debye	12
bowet	6
emmew	9
bourn	5
redub	5
ragga	8
puree	11
clung	5
kotos	6
pitch	5
niefs	7
freit	5
balks	5
newsy	19
amply	7
prowl	13
huggy	7
mirks	5
creel	5
phese	7
onium	5
jupes	8
arede	6
doobs	6
powny	5
rejon	26
poboy	8
infra	11
mools	11
cubeb	6
clags	5
colls	12
risks	5
eland	5
lobed	6
stray	8
acerb	5
idyll	9
range	7
paint	6
doris	7
monty	5
ceils	8
grrrl	7
blume	5
noyau	5
jacks	25
gaurs	7
ovoid	13
raile	5
gouge	5
niche	6
azyms	5
resew	20
poots	16
realm	5
hodja	8
scrub	6
ligge	9
farci	8
laity	5
gazed	5
curny	5
kents	5
kabar	6
cubeb	6
glebe	5
amias	16
doric	5
noels	5
mekka	12
bases	10
using	7
ducat	5
quonk	5
aglee	16
suite	5
brash	5
cimex	5
mouch	7
breis	6
lotto	6
jural	16
cuits	7
nandu	5
capon	5
greek	5
pulse	8
exfil	19
cribs	5
mensh	5
evite	15
vocal	21
flail	5
poupe	5
ghaut	5
kamme	5
coley	7
baisa	15
nutso	5
nival	18
roins	5
droll	14
cruck	5
deids	6
hangs	5
roots	16
wrong	7
dorks	5
stave	23
flips	7
humus	6
acmic	6
facts	12
coaly	5
sneer	8
queyn	5
triad	5
gonch	5
onely	5
ictic	8
mimeo	5
lotte	12
globs	5
banns	5
fever	35
loipe	5
orang	5
glial	5
fugly	9
hijab	7
hahas	17
ouija	5
drest	5
crook	7
graff	5
koppa	5
doped	24
phizz	5
jalap	32
ocean	5
laich	5
right	5
bluds	5
acted	7
baled	8
hucks	5
sprig	7
ovels	12
luffs	19
jocks	18
quine	5
hurts	7
devel	20
nulls	7
panto	5
dairy	8
taste	58
jagir	12
clump	5
spree	28
dingy	5
rance	5
teeth	12
lolly	20
maron	9
lager	11
enact	5
jenny	15
ronne	7
myope	5
guyot	5
stake	7
dolma	7
crith	6
dully	6
oleos	6
lipid	6
swish	18
dhaks	5
hives	8
avize	5
gasts	5
knits	5
gived	5
haiks	5
oribi	5
brogh	5
capul	7
idyls	5
karks	12
bleep	7
poule	7
ephod	7
narky	5
kazoo	5
ocher	10
fetch	14
wordy	7
ethne	8
admix	5
aggie	6
rayah	6
nomoi	6
verve	32
jello	7
bowls	39
dacha	6
gryce	5
madid	7
wryly	6
jeune	11
dwell	7
thing	5
naira	10
spiel	14
unset	7
liken	6
ponzu	5
glees	5
nites	7
lande	5
twist	10
gulph	5
issei	6
eskar	22
horst	7
kagus	5
floss	7
powin	10
hexes	10
gibel	5
forum	10
guqin	5
briny	5
creep	7
fumes	5
stint	6
bogue	6
bings	5
canal	6
narky	5
isbas	7
frank	5
sugar	6
blite	5
ancon	12
leear	7
dirks	5
boing	6
newed	13
erhus	6
katti	6
dicta	6
brome	7
murky	5
amide	5
knead	5
noles	8
cocks	10
psoas	7
alcos	5
porgy	5
mawky	5
knobs	5
jonty	5
angle	13
logan	9
goopy	7
comma	5
graph	5
burly	5
peece	5
stein	6
allot	7
holts	5
mealy	7
alone	5
nisus	8
grogs	11
fests	43
dhaba	5
rainy	5
guest	5
ought	5
muons	5
hooey	6
birle	7
grana	7
boite	5
auger	7
lamps	5
dered	50
guess	5
fuzzy	5
fifth	6
loure	7
mitre	15
lomes	5
dumas	5
guqin	5
tarot	7
cobra	8
natch	6
gyoza	5
mimer	9
cozed	5
bykes	5
pound	5
dhows	5
graip	5
fluky	5
reaps	5
grins	6
dicty	5
begin	7
pyxie	5
fiord	12
ergon	10
mpret	5
defer	53
rondo	5
happy	5
mucho	5
woman	9
bumpy	5
meris	18
rerun	5
boner	5
coypu	5
mamas	9
bolos	36
laked	5
vital	10
mzees	5
idiot	7
opted	12
cider	7
hurra	6
unite	7
revue	7
noahs	5
ameba	6
rills	6
frizz	5
lurid	5
jibes	16
lopes	8
gleis	5
jefes	21
bolas	5
ajuga	9
opted	12
mixup	5
lycea	5
cutto	6
eorls	11
cobra	8
kicky	5
sling	5
otary	5
nutsy	5
fatly	11
kibbi	5
daube	5
brens	5
model	9
ramie	6
hench	9
bilbo	5
stone	18
fusel	7
blore	5
basso	6
aurae	7
ictic	8
docus	6
close	5
leafy	7
enrol	8
gammy	8
scant	5
etnas	5
jihad	7
embox	11
clips	5
diyas	5
arepa	6
monic	5
sulky	5
hemps	5
nikah	5
blabs	9
percs	7
benes	6
byssi	6
dosha	6
olent	5
waltz	5
table	8
kulfi	5
benet	6
iliad	6
horny	5
doers	5
fried	57
guqin	5
spoof	30
couta	5
negro	6
pooch	6
kails	7
redux	7
derry	25
fugio	5
clats	5
pervo	8
ajuga	9
antra	15
oldie	5
ainee	7
deshi	5
pluto	5
hobos	11
tithe	11
sower	44
dumky	5
puffy	13
fuero	5
loxed	37
outre	6
giron	7
kalpa	6
goffs	14
ouphe	5
fests	43
meaty	5
marra	8
rehem	8
coded	17
anger	12
fitna	19
lilts	19
bonny	5
pilot	5
melts	5
burke	5
croze	5
buchu	5
cauls	5
primy	5
cates	5
naevi	5
dinna	5
dexes	21
cunei	5
poupt	5
hoors	6
pasha	16
rests	5
ozzie	9
dowdy	16
grews	7
cotan	6
adapt	5
apiol	10
jaspe	7
beaty	5
pitas	6
cream	5
lazes	6
dhaba	5
johns	11
kills	7
gowfs	15
lunks	5
cours	5
cives	5
capot	7
scant	5
redid	10
court	7
plums	5
shave	5
puree	11
brash	5
lamas	8
topaz	5
maxes	16
awarn	5
flurr	6
droog	6
gauze	5
faffy	12
filch	22
noisy	7
ocean	5
hooka	7
kelts	5
massa	32
abuzz	5
bring	5
icily	8
pawas	17
deres	19
musks	5
certs	5
paris	6
bring	5
meare	14
fjord	8
brill	10
hizen	5
parry	6
caned	5
goura	5
anvil	22
junta	5
probe	5
emyds	5
fairy	6
eater	43
cires	7
lezza	8
roger	9
whack	9
calmy	5
labis	6
tweak	5
quags	5
glows	7
unmet	5
arame	15
alert	5
gaumy	5
krone	5
knish	5
ibrik	9
geoid	5
objet	7
parch	5
malls	35
tripe	5
rhyme	5
phyle	5
fouls	8
iliac	7
japes	22
mozed	5
apery	5
jerid	56
ahent	5
gurge	5
flitt	5
decan	8
bewig	8
bused	5
inter	12
alpha	6
refer	10
kanzu	5
shape	5
aquae	7
hiems	5
bialy	5
agita	15
hapax	6
fussy	8
piked	5
apaid	5
jelab	27
gooly	8
redye	11
hacks	5
punga	5
izzat	6
hynde	5
holds	5
craze	5
floes	9
crest	5
grand	5
grege	6
palsa	55
novum	5
honan	5
fenks	5
ilial	7
faked	7
amiss	15
henry	7
dsobo	5
hosts	11
dooce	16
boots	10
rises	8
gater	10
getup	5
kibes	5
lawns	15
adapt	5
roofs	6
dogan	8
girds	7
bundt	5
dolts	5
noise	6
mains	9
heder	6
ohmic	5
grams	5
lyted	5
powre	19
apods	5
chota	5
penne	6
crons	6
ethal	9
paces	7
jobes	15
mausy	5
potsy	8
agree	30
hawed	18
joint	10
ronne	7
liard	7
wispy	7
guyot	5
bania	6
hetes	18
memos	7
blays	5
ravin	6
aigas	9
hours	5
juicy	5
hosts	11
eaved	31
paire	7
roast	5
frosh	9
adbot	5
emics	5
flyby	6
ozzie	9
nihil	6
murva	10
cedis	6
dunny	6
rants	5
copra	5
aarti	7
fucus	6
pence	6
kimbo	5
livre	26
fiscs	5
ambos	7
etage	7
pyxis	5
tepee	9
brims	5
embow	10
doula	6
jonty	5
galed	7
usurp	13
braze	5
emmew	9
punce	5
bunia	5
jerid	56
manly	5
kabob	6
clods	5
haets	5
floor	6
gayly	11
lodge	7
cadis	6
grand	5
embar	8
boast	5
range	7
chana	5
hames	5
numen	6
doffs	18
foist	11
erbia	5
astun	11
deawy	5
hamed	5
anole	6
lotes	7
nosey	7
dicty	5
awful	14
causa	9
marts	7
girth	7
piker	5
creds	5
quina	7
clave	5
huias	5
siren	15
raggs	9
giron	7
boeuf	5
lovey	10
bowed	16
lowes	22
coifs	5
flail	5
blech	5
quads	7
frory	11
jirga	14
kagos	5
bovid	5
resew	20
caner	5
frags	10
mylar	5
egret	8
ducks	5
fasci	5
reech	5
ratel	5
kells	9
dearn	5
kogal	5
moist	5
tough	6
deawy	5
medal	7
giron	7
holed	7
niter	10
cajon	12
raser	16
salon	11
amity	7
excel	9
afoot	6
poult	7
abyss	7
netty	16
potty	10
flamy	5
covey	8
moder	7
dinic	6
abohm	7
aguna	11
pixie	6
grisy	5
rigid	6
blags	5
knubs	5
hetes	18
bancs	5
munch	5
baler	14
stein	6
casus	5
smoky	5
jokol	9
trope	5
intil	7
cabby	5
lycee	8
plack	5
rifte	10
deshi	5
eider	29
mesne	24
quims	7
jiffs	16
moral	8
herse	16
gusts	5
owing	13
camps	5
picot	5
gived	5
pools	25
inker	7
bivia	8
firer	44
swing	15
glias	5
afars	9
gyros	5
lewis	46
bobac	16
marvy	11
eales	25
leary	5
becap	5
doums	6
prems	5
humph	6
oners	5
abyes	7
tryst	5
hause	5
pawed	9
monos	6
awing	22
chara	7
fagin	17
bekah	5
hallo	6
alaps	11
tenet	6
fural	15
mogul	5
edits	9
below	13
tawny	14
palsa	55
hides	7
mamee	6
cuzes	5
nicer	6
poufs	8
humps	5
ngati	5
motts	15
gamed	5
moron	6
corms	5
redox	14
gobbi	5
ceros	6
taboo	5
jilts	29
twixt	8
hylas	5
flurr	6
kazis	5
worse	35
kayle	5
puled	7
males	16
fykes	7
borax	19
kicks	5
glows	7
mhorr	6
bisom	5
cribs	5
croze	5
beets	5
coati	5
didos	11
basho	5
gored	5
shack	5
yacht	5
rayed	7
coram	6
house	5
roomy	6
coxes	10
hoord	6
fural	15
snout	5
pitta	6
polar	8
pungs	5
brose	13
mawrs	16
bonks	5
rayas	6
reeds	5
liber	6
fames	12
brads	5
rerun	5
quark	5
blank	5
girth	7
kilns	5
lings	5
goons	9
still	29
sugar	6
tease	19
capes	5
lyase	5
fuses	10
ethne	8
rakes	7
hance	7
truth	7
glute	5
bania	6
snort	5
cacas	13
gares	7
treat	8
rewan	13
liner	5
scrum	5
rawin	7
jawan	31
devot	5
until	7
bribe	5
blams	5
diner	5
roped	5
groin	6
dexie	22
ogles	11
greed	5
lurgy	6
nappa	6
rebus	6
patus	6
frown	8
mardy	5
pinna	7
pitot	6
learn	5
drawn	5
bogus	5
lives	30
oucht	5
packs	5
snarl	5
redon	6
imaum	9
opals	5
chack	6
oculi	5
machs	7
crout	6
nudge	5
kluge	5
floes	9
ngaio	5
cuddy	5
gamps	5
cacao	6
booms	12
avize	5
misgo	7
praty	7
nerds	7
habit	5
ohias	5
henny	5
botch	5
feoff	8
petri	5
paxes	19
kafir	8
young	5
braky	5
cauld	5
adopt	5
lawer	27
biers	7
hopes	5
ethyl	7
piled	10
fiere	6
lerps	5
pipet	10
ebook	8
nerks	6
fence	6
