robin	5
robin	5
robin	5
robin	5
robin	5
robin	5
robin	5
robin	5
robin	5
robin	5
robin	5
robin	5
robin	5
robin	5
robin	5
robin	5
robin	5
robin	5
robin	5
robin	5
robin	5
robin	5
robin	5
robin	5
robin	5
robin	5
robin	5
robin	5
robin	5
robin	5
robin	5
robin	5
robin	5
robin	5
robin	5
robin	5
robin	5
robin	5
robin	5
robin	5
robin	5
robin	5
robin	5
robin	5
robin	5
robin	5
robin	5
robin	5
robin	5
robin	5
robin	5
robin	5
robin	5
robin	5
robin	5
robin	5
robin	5
robin	5
robin	5
robin	5
robin	5
robin	5
robin	5
robin	5
robin	5
robin	5
robin	5
